<?xml version="1.0" encoding="UTF-8"?>
<!-- Generated by org.testng.reporters.JUnitReportReporter -->
<testsuite hostname="DESKTOP-I0B7BOI" failures="0" tests="2" name="com.herokuapp.theinternet.NegativeTest" time="16.827" errors="0" timestamp="2020-12-09T13:15:16 CET" skipped="0">
  <testcase classname="com.herokuapp.theinternet.NegativeTest" name="incorrectUser" time="6.160"/>
  <system-out/>
  <testcase classname="com.herokuapp.theinternet.NegativeTest" name="incorrectPassword" time="10.667"/>
  <system-out/>
</testsuite> <!-- com.herokuapp.theinternet.NegativeTest -->
