<?xml version="1.0" encoding="UTF-8"?>
<!-- Generated by org.testng.reporters.JUnitReportReporter -->
<testsuite hostname="DESKTOP-I0B7BOI" failures="0" tests="3" name="com.herokuapp.theinternet.LoginTests" time="27.958" errors="0" timestamp="2021-01-21T18:20:54 CET" skipped="0">
  <testcase classname="com.herokuapp.theinternet.LoginTests" name="positiveLoginTest" time="14.950"/>
  <system-out/>
  <testcase classname="com.herokuapp.theinternet.LoginTests" name="negativeLoginTest" time="5.487"/>
  <system-out/>
  <testcase classname="com.herokuapp.theinternet.LoginTests" name="negativeLoginTest" time="7.521"/>
  <system-out/>
</testsuite> <!-- com.herokuapp.theinternet.LoginTests -->
