<?xml version="1.0" encoding="UTF-8"?>
<!-- Generated by org.testng.reporters.JUnitReportReporter -->
<testsuite hostname="DESKTOP-I0B7BOI" failures="0" tests="2" name="com.herokuapp.theinternet.NegativeTest" time="17.390" errors="0" timestamp="2021-01-17T16:34:16 CET" skipped="0">
  <testcase classname="com.herokuapp.theinternet.NegativeTest" name="negativeLoginTest" time="8.287"/>
  <system-out/>
  <testcase classname="com.herokuapp.theinternet.NegativeTest" name="negativeLoginTest" time="9.103"/>
  <system-out/>
</testsuite> <!-- com.herokuapp.theinternet.NegativeTest -->
