<?xml version="1.0" encoding="UTF-8"?>
<!-- Generated by org.testng.reporters.JUnitReportReporter -->
<testsuite hostname="DESKTOP-I0B7BOI" failures="0" tests="1" name="com.herokuapp.theinternet.PositiveTests" time="15.544" errors="0" timestamp="2020-12-09T13:10:40 CET" skipped="0">
  <testcase classname="com.herokuapp.theinternet.PositiveTests" name="loginTest" time="15.544"/>
  <system-out/>
</testsuite> <!-- com.herokuapp.theinternet.PositiveTests -->
